nohup: ignoring input

> ifl-workflow-backend@1.0.0 start
> node server.js

info: Database connected. {"timestamp":"2026-01-01T06:03:45.067Z"}
warn: Could not drop foreign keys: SQLITE_ERROR: near "DECLARE": syntax error {"timestamp":"2026-01-01T06:03:45.069Z"}
info: Database synced (force mode). {"timestamp":"2026-01-01T06:03:45.407Z"}
info: Server running on port 3000 {"timestamp":"2026-01-01T06:03:45.409Z"}
info: [Onboarding] Creating new request {"timestamp":"2026-01-01T06:03:57.437Z"}
info: [Email] Sending approval email to it.ops@example.com {"timestamp":"2026-01-01T06:03:57.460Z"}
error: [Email] Failed to send: Invalid login: 535 5.7.139 Authentication unsuccessful, the user credentials were incorrect. [SG2PR06CA0217.apcprd06.prod.outlook.com 2026-01-01T06:04:08.074Z 08DE474A4B5BE229] {"timestamp":"2026-01-01T06:04:07.117Z"}
error: [Onboarding] Failed to send IT email: Invalid login: 535 5.7.139 Authentication unsuccessful, the user credentials were incorrect. [SG2PR06CA0217.apcprd06.prod.outlook.com 2026-01-01T06:04:08.074Z 08DE474A4B5BE229] {"timestamp":"2026-01-01T06:04:07.117Z"}
info: [Onboarding] Updating IT details for token ee1ecc0130515cb7e47fd8a9aca02dc3b20f7d98 {"timestamp":"2026-01-01T06:04:07.133Z"}
info: [Email] Sending approval email to dsi.head@example.com {"timestamp":"2026-01-01T06:04:07.216Z"}
error: [Email] Failed to send: Invalid login: 535 5.7.139 Authentication unsuccessful, the user credentials were incorrect. [SG2PR04CA0187.apcprd04.prod.outlook.com 2026-01-01T06:04:15.113Z 08DE47CA4093385F] {"timestamp":"2026-01-01T06:04:16.656Z"}
error: [Onboarding] Failed to send DSI email: Invalid login: 535 5.7.139 Authentication unsuccessful, the user credentials were incorrect. [SG2PR04CA0187.apcprd04.prod.outlook.com 2026-01-01T06:04:15.113Z 08DE47CA4093385F] {"timestamp":"2026-01-01T06:04:16.656Z"}
info: [Onboarding] Finalizing request for token 439afcb2e4e67d4a8b6de3e6e950ae3f7387e656 {"timestamp":"2026-01-01T06:04:16.663Z"}
info: [Onboarding] Request #1 finalized: Approved {"timestamp":"2026-01-01T06:04:16.681Z"}
info: [Onboarding] Creating new request {"timestamp":"2026-01-01T06:04:43.614Z"}
info: [Email] Sending approval email to it.ops@example.com {"timestamp":"2026-01-01T06:04:43.633Z"}
error: [Email] Failed to send: Invalid login: 535 5.7.139 Authentication unsuccessful, the user credentials were incorrect. [SG2P153CA0009.APCP153.PROD.OUTLOOK.COM 2026-01-01T06:04:53.135Z 08DE45A99C93B48B] {"timestamp":"2026-01-01T06:04:53.198Z"}
error: [Onboarding] Failed to send IT email: Invalid login: 535 5.7.139 Authentication unsuccessful, the user credentials were incorrect. [SG2P153CA0009.APCP153.PROD.OUTLOOK.COM 2026-01-01T06:04:53.135Z 08DE45A99C93B48B] {"timestamp":"2026-01-01T06:04:53.198Z"}
